geonames_index
New session ---------------------------------------------------------------------------------
geonames_index
geonames_index
New session ---------------------------------------------------------------------------------
geonames_index
New session ---------------------------------------------------------------------------------
geonames_index
New session ---------------------------------------------------------------------------------
geonames_index
geonames_index
New session ---------------------------------------------------------------------------------
geonames_index
New session ---------------------------------------------------------------------------------
geonames_index
New session ---------------------------------------------------------------------------------
dcb5a2d593cd09f85471769d7c916dac842e66f5e0e2a957f74021706c77773a
New session ---------------------------------------------------------------------------------
geonames_index
geonames_index
New session ---------------------------------------------------------------------------------
geonames_index
New session ---------------------------------------------------------------------------------
geonames_index
New session ---------------------------------------------------------------------------------
de54d1ede289e095f2cf05e53f905dcdad1a00c902ed52b991c6c4e95fd45e87
New session ---------------------------------------------------------------------------------
geonames_index
New session ---------------------------------------------------------------------------------
geonames_index
New session ---------------------------------------------------------------------------------
geonames_index
geonames_index
New session ---------------------------------------------------------------------------------
geonames_index
New session ---------------------------------------------------------------------------------
6f6094e2db64f73dfc1680e8595999e29595ce9e7b5e896e063e37d41a76445c
New session ---------------------------------------------------------------------------------
Unable to find image 'elasticsearch:5.5.2' locally
5.5.2: Pulling from library/elasticsearch
219d2e45b4af: Pulling fs layer
a482fbcfe407: Pulling fs layer
980edaaff53b: Pulling fs layer
288ffe538f2f: Pulling fs layer
017932737cd4: Pulling fs layer
28b38dddf546: Pulling fs layer
92aff82bd83f: Pulling fs layer
b08144fb654d: Pulling fs layer
14ed224fb73f: Pulling fs layer
f478c95dec23: Pulling fs layer
5f9ae4a86d71: Pulling fs layer
f822bfcfdea9: Pulling fs layer
98d9d4b54ad0: Pulling fs layer
47b728c174e9: Pulling fs layer
9a2de73c3385: Pulling fs layer
f478c95dec23: Waiting
288ffe538f2f: Waiting
5f9ae4a86d71: Waiting
017932737cd4: Waiting
f822bfcfdea9: Waiting
28b38dddf546: Waiting
92aff82bd83f: Waiting
98d9d4b54ad0: Waiting
b08144fb654d: Waiting
47b728c174e9: Waiting
14ed224fb73f: Waiting
9a2de73c3385: Waiting
980edaaff53b: Verifying Checksum
980edaaff53b: Download complete
288ffe538f2f: Verifying Checksum
288ffe538f2f: Download complete
017932737cd4: Download complete
28b38dddf546: Download complete
a482fbcfe407: Verifying Checksum
a482fbcfe407: Download complete
b08144fb654d: Download complete
14ed224fb73f: Download complete
f478c95dec23: Verifying Checksum
f478c95dec23: Download complete
5f9ae4a86d71: Verifying Checksum
5f9ae4a86d71: Download complete
219d2e45b4af: Verifying Checksum
219d2e45b4af: Download complete
98d9d4b54ad0: Verifying Checksum
98d9d4b54ad0: Download complete
47b728c174e9: Verifying Checksum
47b728c174e9: Download complete
219d2e45b4af: Pull complete
9a2de73c3385: Download complete
a482fbcfe407: Pull complete
980edaaff53b: Pull complete
288ffe538f2f: Pull complete
017932737cd4: Pull complete
28b38dddf546: Pull complete
f822bfcfdea9: Verifying Checksum
f822bfcfdea9: Download complete
92aff82bd83f: Verifying Checksum
92aff82bd83f: Download complete
92aff82bd83f: Pull complete
b08144fb654d: Pull complete
14ed224fb73f: Pull complete
f478c95dec23: Pull complete
5f9ae4a86d71: Pull complete
f822bfcfdea9: Pull complete
98d9d4b54ad0: Pull complete
47b728c174e9: Pull complete
9a2de73c3385: Pull complete
Digest: sha256:3686a5757ed46c9dbcf00f6f71fce48ffc5413b193a80d1c46a21e7aad4c53ad
Status: Downloaded newer image for elasticsearch:5.5.2
84e1fe4630d11cd42dd86375096ba902244390ccac9dd06b681dd6f6327ba060
New session ---------------------------------------------------------------------------------
geonames_index
New session ---------------------------------------------------------------------------------
geonames_index
geonames_index
New session ---------------------------------------------------------------------------------
geonames_index
New session ---------------------------------------------------------------------------------
geonames_index
geonames_index
New session ---------------------------------------------------------------------------------
geonames_index
New session ---------------------------------------------------------------------------------
geonames_index
geonames_index
New session ---------------------------------------------------------------------------------
geonames_index
New session ---------------------------------------------------------------------------------
geonames_index
geonames_index
New session ---------------------------------------------------------------------------------
geonames_index
New session ---------------------------------------------------------------------------------
geonames_index
geonames_index
New session ---------------------------------------------------------------------------------
geonames_index
New session ---------------------------------------------------------------------------------
geonames_index
geonames_index
New session ---------------------------------------------------------------------------------
geonames_index
New session ---------------------------------------------------------------------------------
geonames_index
New session ---------------------------------------------------------------------------------
geonames_index
New session ---------------------------------------------------------------------------------
geonames_index
New session ---------------------------------------------------------------------------------
geonames_index
New session ---------------------------------------------------------------------------------
geonames_index
geonames_index
New session ---------------------------------------------------------------------------------
geonames_index
